<?xml version="1.0" encoding="UTF-8"?>
<testsuite xmlns:xsi="http://www.w3.org/2001/XMLSchema-instance" xsi:noNamespaceSchemaLocation="https://maven.apache.org/surefire/maven-surefire-plugin/xsd/surefire-test-report.xsd" name="TestSuite" time="3.082" tests="4" errors="0" skipped="0" failures="0">
  <properties>
    <property name="java.specification.version" value="13"/>
    <property name="sun.jnu.encoding" value="UTF-8"/>
    <property name="java.class.path" value="/Users/raslan/Downloads/publicapi/target/test-classes:/Users/raslan/Downloads/publicapi/target/classes:/Users/raslan/.m2/repository/org/testng/testng/7.1.0/testng-7.1.0.jar:/Users/raslan/.m2/repository/com/beust/jcommander/1.72/jcommander-1.72.jar:/Users/raslan/.m2/repository/com/google/inject/guice/4.1.0/guice-4.1.0-no_aop.jar:/Users/raslan/.m2/repository/javax/inject/javax.inject/1/javax.inject-1.jar:/Users/raslan/.m2/repository/aopalliance/aopalliance/1.0/aopalliance-1.0.jar:/Users/raslan/.m2/repository/com/google/guava/guava/19.0/guava-19.0.jar:/Users/raslan/.m2/repository/org/yaml/snakeyaml/1.21/snakeyaml-1.21.jar:/Users/raslan/.m2/repository/log4j/log4j/1.2.17/log4j-1.2.17.jar:/Users/raslan/.m2/repository/com/vimalselvam/cucumber-extentsreport/3.0.2/cucumber-extentsreport-3.0.2.jar:/Users/raslan/.m2/repository/org/apache-extras/beanshell/bsh/2.0b6/bsh-2.0b6.jar:/Users/raslan/.m2/repository/com/aventstack/extentreports/3.1.2/extentreports-3.1.2.jar:/Users/raslan/.m2/repository/org/freemarker/freemarker/2.3.23/freemarker-2.3.23.jar:/Users/raslan/.m2/repository/org/mongodb/mongodb-driver/3.3.0/mongodb-driver-3.3.0.jar:/Users/raslan/.m2/repository/org/mongodb/bson/3.3.0/bson-3.3.0.jar:/Users/raslan/.m2/repository/org/mongodb/mongodb-driver-core/3.3.0/mongodb-driver-core-3.3.0.jar:/Users/raslan/.m2/repository/org/apache/httpcomponents/httpclient/4.5.2/httpclient-4.5.2.jar:/Users/raslan/.m2/repository/org/apache/httpcomponents/httpcore/4.4.4/httpcore-4.4.4.jar:/Users/raslan/.m2/repository/commons-logging/commons-logging/1.2/commons-logging-1.2.jar:/Users/raslan/.m2/repository/commons-codec/commons-codec/1.9/commons-codec-1.9.jar:/Users/raslan/.m2/repository/org/apache/httpcomponents/httpmime/4.5.2/httpmime-4.5.2.jar:/Users/raslan/.m2/repository/org/jsoup/jsoup/1.9.2/jsoup-1.9.2.jar:/Users/raslan/.m2/repository/com/google/code/gson/gson/2.8.0/gson-2.8.0.jar:/Users/raslan/.m2/repository/com/relevantcodes/extentreports/2.41.2/extentreports-2.41.2.jar:/Users/raslan/.m2/repository/org/xerial/sqlite-jdbc/3.8.11.1/sqlite-jdbc-3.8.11.1.jar:/Users/raslan/.m2/repository/com/fasterxml/jackson/core/jackson-databind/2.9.7/jackson-databind-2.9.7.jar:/Users/raslan/.m2/repository/com/fasterxml/jackson/core/jackson-annotations/2.9.0/jackson-annotations-2.9.0.jar:/Users/raslan/.m2/repository/com/fasterxml/jackson/core/jackson-core/2.9.7/jackson-core-2.9.7.jar:/Users/raslan/.m2/repository/io/rest-assured/rest-assured/3.2.0/rest-assured-3.2.0.jar:/Users/raslan/.m2/repository/org/codehaus/groovy/groovy/2.4.15/groovy-2.4.15.jar:/Users/raslan/.m2/repository/org/codehaus/groovy/groovy-xml/2.4.15/groovy-xml-2.4.15.jar:/Users/raslan/.m2/repository/org/hamcrest/hamcrest-core/1.3/hamcrest-core-1.3.jar:/Users/raslan/.m2/repository/org/hamcrest/hamcrest-library/1.3/hamcrest-library-1.3.jar:/Users/raslan/.m2/repository/org/ccil/cowan/tagsoup/tagsoup/1.2.1/tagsoup-1.2.1.jar:/Users/raslan/.m2/repository/io/rest-assured/json-path/3.2.0/json-path-3.2.0.jar:/Users/raslan/.m2/repository/org/codehaus/groovy/groovy-json/2.4.15/groovy-json-2.4.15.jar:/Users/raslan/.m2/repository/io/rest-assured/rest-assured-common/3.2.0/rest-assured-common-3.2.0.jar:/Users/raslan/.m2/repository/io/rest-assured/xml-path/3.2.0/xml-path-3.2.0.jar:/Users/raslan/.m2/repository/org/apache/commons/commons-lang3/3.4/commons-lang3-3.4.jar:/Users/raslan/.m2/repository/javax/xml/bind/jaxb-api/2.2.12/jaxb-api-2.2.12.jar:/Users/raslan/.m2/repository/com/sun/xml/bind/jaxb-osgi/2.2.10/jaxb-osgi-2.2.10.jar:/Users/raslan/.m2/repository/org/apache/sling/org.apache.sling.javax.activation/0.1.0/org.apache.sling.javax.activation-0.1.0.jar:/Users/raslan/.m2/repository/javax/activation/activation/1.1.1/activation-1.1.1.jar:/Users/raslan/.m2/repository/org/json/json/20180813/json-20180813.jar:/Users/raslan/.m2/repository/ch/qos/logback/logback-classic/1.2.3/logback-classic-1.2.3.jar:/Users/raslan/.m2/repository/ch/qos/logback/logback-core/1.2.3/logback-core-1.2.3.jar:/Users/raslan/.m2/repository/org/slf4j/slf4j-api/1.7.25/slf4j-api-1.7.25.jar:"/>
    <property name="java.vm.vendor" value="Oracle Corporation"/>
    <property name="sun.arch.data.model" value="64"/>
    <property name="java.vendor.url" value="https://openjdk.java.net/"/>
    <property name="os.name" value="Mac OS X"/>
    <property name="java.vm.specification.version" value="13"/>
    <property name="sun.java.launcher" value="SUN_STANDARD"/>
    <property name="user.country" value="US"/>
    <property name="sun.boot.library.path" value="/usr/local/Cellar/openjdk/13.0.2+8_2/libexec/openjdk.jdk/Contents/Home/lib"/>
    <property name="sun.java.command" value="/Users/raslan/Downloads/publicapi/target/surefire/surefirebooter733244326444136479.jar /Users/raslan/Downloads/publicapi/target/surefire 2020-09-23T02-08-30_667-jvmRun1 surefire13504783377294635433tmp surefire_014432419274073192103tmp"/>
    <property name="jdk.debug" value="release"/>
    <property name="surefire.test.class.path" value="/Users/raslan/Downloads/publicapi/target/test-classes:/Users/raslan/Downloads/publicapi/target/classes:/Users/raslan/.m2/repository/org/testng/testng/7.1.0/testng-7.1.0.jar:/Users/raslan/.m2/repository/com/beust/jcommander/1.72/jcommander-1.72.jar:/Users/raslan/.m2/repository/com/google/inject/guice/4.1.0/guice-4.1.0-no_aop.jar:/Users/raslan/.m2/repository/javax/inject/javax.inject/1/javax.inject-1.jar:/Users/raslan/.m2/repository/aopalliance/aopalliance/1.0/aopalliance-1.0.jar:/Users/raslan/.m2/repository/com/google/guava/guava/19.0/guava-19.0.jar:/Users/raslan/.m2/repository/org/yaml/snakeyaml/1.21/snakeyaml-1.21.jar:/Users/raslan/.m2/repository/log4j/log4j/1.2.17/log4j-1.2.17.jar:/Users/raslan/.m2/repository/com/vimalselvam/cucumber-extentsreport/3.0.2/cucumber-extentsreport-3.0.2.jar:/Users/raslan/.m2/repository/org/apache-extras/beanshell/bsh/2.0b6/bsh-2.0b6.jar:/Users/raslan/.m2/repository/com/aventstack/extentreports/3.1.2/extentreports-3.1.2.jar:/Users/raslan/.m2/repository/org/freemarker/freemarker/2.3.23/freemarker-2.3.23.jar:/Users/raslan/.m2/repository/org/mongodb/mongodb-driver/3.3.0/mongodb-driver-3.3.0.jar:/Users/raslan/.m2/repository/org/mongodb/bson/3.3.0/bson-3.3.0.jar:/Users/raslan/.m2/repository/org/mongodb/mongodb-driver-core/3.3.0/mongodb-driver-core-3.3.0.jar:/Users/raslan/.m2/repository/org/apache/httpcomponents/httpclient/4.5.2/httpclient-4.5.2.jar:/Users/raslan/.m2/repository/org/apache/httpcomponents/httpcore/4.4.4/httpcore-4.4.4.jar:/Users/raslan/.m2/repository/commons-logging/commons-logging/1.2/commons-logging-1.2.jar:/Users/raslan/.m2/repository/commons-codec/commons-codec/1.9/commons-codec-1.9.jar:/Users/raslan/.m2/repository/org/apache/httpcomponents/httpmime/4.5.2/httpmime-4.5.2.jar:/Users/raslan/.m2/repository/org/jsoup/jsoup/1.9.2/jsoup-1.9.2.jar:/Users/raslan/.m2/repository/com/google/code/gson/gson/2.8.0/gson-2.8.0.jar:/Users/raslan/.m2/repository/com/relevantcodes/extentreports/2.41.2/extentreports-2.41.2.jar:/Users/raslan/.m2/repository/org/xerial/sqlite-jdbc/3.8.11.1/sqlite-jdbc-3.8.11.1.jar:/Users/raslan/.m2/repository/com/fasterxml/jackson/core/jackson-databind/2.9.7/jackson-databind-2.9.7.jar:/Users/raslan/.m2/repository/com/fasterxml/jackson/core/jackson-annotations/2.9.0/jackson-annotations-2.9.0.jar:/Users/raslan/.m2/repository/com/fasterxml/jackson/core/jackson-core/2.9.7/jackson-core-2.9.7.jar:/Users/raslan/.m2/repository/io/rest-assured/rest-assured/3.2.0/rest-assured-3.2.0.jar:/Users/raslan/.m2/repository/org/codehaus/groovy/groovy/2.4.15/groovy-2.4.15.jar:/Users/raslan/.m2/repository/org/codehaus/groovy/groovy-xml/2.4.15/groovy-xml-2.4.15.jar:/Users/raslan/.m2/repository/org/hamcrest/hamcrest-core/1.3/hamcrest-core-1.3.jar:/Users/raslan/.m2/repository/org/hamcrest/hamcrest-library/1.3/hamcrest-library-1.3.jar:/Users/raslan/.m2/repository/org/ccil/cowan/tagsoup/tagsoup/1.2.1/tagsoup-1.2.1.jar:/Users/raslan/.m2/repository/io/rest-assured/json-path/3.2.0/json-path-3.2.0.jar:/Users/raslan/.m2/repository/org/codehaus/groovy/groovy-json/2.4.15/groovy-json-2.4.15.jar:/Users/raslan/.m2/repository/io/rest-assured/rest-assured-common/3.2.0/rest-assured-common-3.2.0.jar:/Users/raslan/.m2/repository/io/rest-assured/xml-path/3.2.0/xml-path-3.2.0.jar:/Users/raslan/.m2/repository/org/apache/commons/commons-lang3/3.4/commons-lang3-3.4.jar:/Users/raslan/.m2/repository/javax/xml/bind/jaxb-api/2.2.12/jaxb-api-2.2.12.jar:/Users/raslan/.m2/repository/com/sun/xml/bind/jaxb-osgi/2.2.10/jaxb-osgi-2.2.10.jar:/Users/raslan/.m2/repository/org/apache/sling/org.apache.sling.javax.activation/0.1.0/org.apache.sling.javax.activation-0.1.0.jar:/Users/raslan/.m2/repository/javax/activation/activation/1.1.1/activation-1.1.1.jar:/Users/raslan/.m2/repository/org/json/json/20180813/json-20180813.jar:/Users/raslan/.m2/repository/ch/qos/logback/logback-classic/1.2.3/logback-classic-1.2.3.jar:/Users/raslan/.m2/repository/ch/qos/logback/logback-core/1.2.3/logback-core-1.2.3.jar:/Users/raslan/.m2/repository/org/slf4j/slf4j-api/1.7.25/slf4j-api-1.7.25.jar:"/>
    <property name="sun.cpu.endian" value="little"/>
    <property name="user.home" value="/Users/raslan"/>
    <property name="user.language" value="en"/>
    <property name="java.specification.vendor" value="Oracle Corporation"/>
    <property name="java.version.date" value="2020-01-14"/>
    <property name="java.home" value="/usr/local/Cellar/openjdk/13.0.2+8_2/libexec/openjdk.jdk/Contents/Home"/>
    <property name="file.separator" value="/"/>
    <property name="basedir" value="/Users/raslan/Downloads/publicapi"/>
    <property name="java.vm.compressedOopsMode" value="Zero based"/>
    <property name="line.separator" value="&#10;"/>
    <property name="java.vm.specification.vendor" value="Oracle Corporation"/>
    <property name="java.specification.name" value="Java Platform API Specification"/>
    <property name="surefire.real.class.path" value="/Users/raslan/Downloads/publicapi/target/surefire/surefirebooter733244326444136479.jar"/>
    <property name="sun.management.compiler" value="HotSpot 64-Bit Tiered Compilers"/>
    <property name="java.runtime.version" value="13.0.2+8"/>
    <property name="user.name" value="raslan"/>
    <property name="path.separator" value=":"/>
    <property name="os.version" value="10.15.6"/>
    <property name="java.runtime.name" value="OpenJDK Runtime Environment"/>
    <property name="file.encoding" value="UTF-8"/>
    <property name="java.vm.name" value="OpenJDK 64-Bit Server VM"/>
    <property name="localRepository" value="/Users/raslan/.m2/repository"/>
    <property name="java.vendor.url.bug" value="https://bugreport.java.com/bugreport/"/>
    <property name="java.io.tmpdir" value="/var/folders/6x/60dc6dzj20sc_3p9hnxyhwdx_0b27f/T/"/>
    <property name="java.version" value="13.0.2"/>
    <property name="user.dir" value="/Users/raslan/Downloads/publicapi"/>
    <property name="os.arch" value="x86_64"/>
    <property name="groups" value="smoke"/>
    <property name="java.vm.specification.name" value="Java Virtual Machine Specification"/>
    <property name="java.library.path" value="/Users/raslan/Library/Java/Extensions:/Library/Java/Extensions:/Network/Library/Java/Extensions:/System/Library/Java/Extensions:/usr/lib/java:."/>
    <property name="java.vm.info" value="mixed mode, sharing"/>
    <property name="java.vendor" value="N/A"/>
    <property name="java.vm.version" value="13.0.2+8"/>
    <property name="sun.io.unicode.encoding" value="UnicodeBig"/>
    <property name="java.class.version" value="57.0"/>
  </properties>
  <testcase name="deleteAUser" classname="apple.apitests.APITests" time="1.471"/>
  <testcase name="login" classname="apple.apitests.APITests" time="0.199"/>
  <testcase name="updateAUser" classname="apple.apitests.APITests" time="0.234"/>
  <testcase name="logout" classname="apple.apitests.APITests" time="0.208"/>
</testsuite>