<?xml version="1.0" encoding="UTF-8"?>
<!-- Generated by org.testng.reporters.JUnitReportReporter -->
<testsuite hostname="raslan0120mac.corp.acxiom.net" failures="0" tests="4" name="apple.apitests.APITests" time="2.113" errors="0" timestamp="2020-09-23T02:08:34 CDT" skipped="0">
  <testcase classname="apple.apitests.APITests" name="login" time="0.200"/>
  <system-out/>
  <testcase classname="apple.apitests.APITests" name="deleteAUser" time="1.470"/>
  <system-out/>
  <testcase classname="apple.apitests.APITests" name="updateAUser" time="0.235"/>
  <system-out/>
  <testcase classname="apple.apitests.APITests" name="logout" time="0.208"/>
  <system-out/>
</testsuite> <!-- apple.apitests.APITests -->
